<?xml version="1.0" encoding="UTF-8"?>
<!-- Generated by org.testng.reporters.JUnitReportReporter -->
<testsuite skipped="0" hostname="DESKTOP-B49VQ4K" name="com.testcase.AllUseCase" tests="4" failures="0" timestamp="2020-07-02T14:01:57 IST" time="14.947" errors="0">
  <testcase name="loginPage" time="6.983" classname="com.testcase.AllUseCase"/>
  <system-out/>
  <testcase name="orderPage" time="2.448" classname="com.testcase.AllUseCase"/>
  <system-out/>
  <testcase name="updateOrderWithNewAddress" time="3.986" classname="com.testcase.AllUseCase"/>
  <system-out/>
  <testcase name="deleteOrder" time="1.530" classname="com.testcase.AllUseCase"/>
  <system-out/>
</testsuite> <!-- com.testcase.AllUseCase -->
