<?xml version="1.0" encoding="UTF-8"?>
<!-- Generated by org.testng.reporters.JUnitReportReporter -->
<testsuite skipped="1" hostname="DESKTOP-B49VQ4K" name="com.testcase.U2Test" tests="1" failures="0" timestamp="2020-06-27T00:14:59 IST" time="0.000" errors="0">
  <testcase name="prodcutPage" time="0.000" classname="com.testcase.U2Test">
    <skipped/>
  </testcase> <!-- prodcutPage -->
  <system-out/>
</testsuite> <!-- com.testcase.U2Test -->
