<?xml version="1.0" encoding="UTF-8"?>
<!-- Generated by org.testng.reporters.JUnitReportReporter -->
<testsuite skipped="0" hostname="DESKTOP-B49VQ4K" name="com.testcase.UseCase1Test" tests="4" failures="0" timestamp="2020-06-29T11:09:04 IST" time="14.200" errors="0">
  <testcase name="login" time="6.084" classname="com.testcase.UseCase1Test"/>
  <system-out/>
  <testcase name="prodcutPage" time="1.323" classname="com.testcase.UseCase1Test"/>
  <system-out/>
  <testcase name="updateOrderWithNewAddress" time="3.500" classname="com.testcase.UseCase1Test"/>
  <system-out/>
  <testcase name="useCase3" time="3.293" classname="com.testcase.UseCase1Test"/>
  <system-out/>
</testsuite> <!-- com.testcase.UseCase1Test -->
